Player1: 5,3 "miss"
Player2: 0,7 "miss"
Player1: 1,1 "hit"
Player2: 6,7 "miss"
Player1: 1,0 "miss"
Player2: 0,0 "miss"
Player1: 0,1 "hit"
Player2: 5,7 "miss"
Player1: 2,1 "hit"
Player2: 0,1 "miss"
Player1: 3,1 "hit"
Player2: 7,7 "miss"
Player1: 4,1 "hit"
Player2: 4,2 "miss"
Player1: 5,1 "hit"
Player2: 7,9 "hit"
Player1: 6,1 "hit"
Player1: 7,1 "hit"
Player2: 3,4 "miss"
Player1: 8,1 "hit"
Player2: 3,8 "miss"
Player1: 7,6 "miss"
Player2: 3,1 "miss"
Player1: 1,5 "hit"
Player2: 4,4 "miss"
Player1: 1,6 "hit"
Player2: 5,4 "hit"
Player1: 1,7 "hit"
Player2: 8,3 "miss"
Player1: 6,7 "hit"
Player2: 4,0 "hit"
Player1: 6,8 "hit"
Player2: 9,5 "miss"
Player1: 6,9 "hit"
Player2: 2,9 "miss"
Player1: 7,7 "hit"
Player2: 1,1 "miss"
Player1: 8,7 "hit"
Player2: 4,6 "miss"

Player1 wins, PLayer2 loses
*** PLayer1 Stats ***
Number Hits: 17
Number Misses: 3
Number Shots: 20
Number Hit/Miss Ratio: 5.000000

*** Player2 Stats ***
Number Hits: 17
Number Misses: 3
Number Shots: 20
Number Hit/Miss Ratio: 5.000000
